#
# A fatal error has been detected by the Java Runtime Environment:
#
#  Internal Error (relocInfo_x86.cpp:106), pid=8892, tid=10584
#  Error: ShouldNotReachHere()
#
# JRE version: OpenJDK Runtime Environment Temurin-17.0.7+7 (17.0.7+7) (build 17.0.7+7)
# Java VM: OpenJDK 64-Bit Server VM Temurin-17.0.7+7 (17.0.7+7, mixed mode, tiered, compressed oops, compressed class ptrs, parallel gc, windows-amd64)
# No core dump will be written. Minidumps are not enabled by default on client versions of Windows
#
# If you would like to submit a bug report, please visit:
#   https://github.com/adoptium/adoptium-support/issues
#

---------------  S U M M A R Y ------------

Command Line: --add-modules=ALL-SYSTEM --add-opens=java.base/java.util=ALL-UNNAMED --add-opens=java.base/java.lang=ALL-UNNAMED --add-opens=java.base/sun.nio.fs=ALL-UNNAMED -Declipse.application=org.eclipse.jdt.ls.core.id1 -Dosgi.bundles.defaultStartLevel=4 -Declipse.product=org.eclipse.jdt.ls.core.product -Djava.import.generatesMetadataFilesAtProjectRoot=false -Dfile.encoding=utf8 -XX:+UseParallelGC -XX:GCTimeRatio=4 -XX:AdaptiveSizePolicyWeight=90 -Dsun.zip.disableMemoryMapping=true -Xmx1G -Xms100m -Xlog:disable -javaagent:c:\Users\mateu\.vscode\extensions\redhat.java-1.21.0-win32-x64\lombok\lombok-1.18.28.jar -XX:+HeapDumpOnOutOfMemoryError -XX:HeapDumpPath=c:\Users\mateu\AppData\Roaming\Code\User\workspaceStorage\c6afc2c46a355f70a8b711cfde81772e\redhat.java -Daether.dependencyCollector.impl=bf c:\Users\mateu\.vscode\extensions\redhat.java-1.21.0-win32-x64\server\plugins\org.eclipse.equinox.launcher_1.6.500.v20230717-2134.jar -configuration c:\Users\mateu\AppData\Roaming\Code\User\globalStorage\redhat.java\1.21.0\config_win -data c:\Users\mateu\AppData\Roaming\Code\User\workspaceStorage\c6afc2c46a355f70a8b711cfde81772e\redhat.java\jdt_ws

Host: 11th Gen Intel(R) Core(TM) i5-1135G7 @ 2.40GHz, 8 cores, 15G,  Windows 11 , 64 bit Build 22621 (10.0.22621.2215)
Time: Mon Sep  4 10:14:38 2023 E. South America Standard Time elapsed time: 86.052223 seconds (0d 0h 1m 26s)

---------------  T H R E A D  ---------------

Current thread (0x000001e12a27eed0):  JavaThread "C1 CompilerThread0" daemon [_thread_in_vm, id=10584, stack(0x0000000ba7800000,0x0000000ba7900000)]


Current CompileTask:
C1:  86052 11740       3       org.eclipse.jdt.internal.compiler.ast.TypeReference::baseTypeReference (397 bytes)

Stack: [0x0000000ba7800000,0x0000000ba7900000]
Native frames: (J=compiled Java code, j=interpreted, Vv=VM code, C=native code)
V  [jvm.dll+0x67754a]
V  [jvm.dll+0x834304]
V  [jvm.dll+0x835aae]
V  [jvm.dll+0x8360c7]
V  [jvm.dll+0x24689a]
V  [jvm.dll+0x2467d3]
V  [jvm.dll+0x6c8b74]
V  [jvm.dll+0x6c72a5]
V  [jvm.dll+0x202584]
V  [jvm.dll+0x200cc6]
V  [jvm.dll+0x64c3d4]
V  [jvm.dll+0x64f2f4]
V  [jvm.dll+0x1c6164]
V  [jvm.dll+0x1356e1]
V  [jvm.dll+0x134aaa]
V  [jvm.dll+0x136771]
V  [jvm.dll+0x2284da]
V  [jvm.dll+0x226615]
V  [jvm.dll+0x7ea90b]
V  [jvm.dll+0x7e4e7a]
V  [jvm.dll+0x676395]
C  [ucrtbase.dll+0x29363]
C  [KERNEL32.DLL+0x1257d]
C  [ntdll.dll+0x5aa68]


---------------  P R O C E S S  ---------------

Threads class SMR info:
_java_thread_list=0x000001e12d80d8b0, length=40, elements={
0x000001e10f1ea500, 0x000001e10f2a8540, 0x000001e10f2a9b50, 0x000001e124fcdf50,
0x000001e124fcea10, 0x000001e12a2710b0, 0x000001e12a272810, 0x000001e12a275ca0,
0x000001e12a27eed0, 0x000001e12a287fa0, 0x000001e12a3affe0, 0x000001e12a4d6310,
0x000001e12b873ba0, 0x000001e12bb96340, 0x000001e12bb96ea0, 0x000001e12b9a1aa0,
0x000001e12bd1d350, 0x000001e12be98a50, 0x000001e12be96d70, 0x000001e12be963d0,
0x000001e12be97240, 0x000001e12be98580, 0x000001e12be97710, 0x000001e12be95560,
0x000001e12be97be0, 0x000001e12d05b6a0, 0x000001e12d056e70, 0x000001e12d05c510,
0x000001e12d0569a0, 0x000001e12d05a830, 0x000001e12d057340, 0x000001e12d0599c0,
0x000001e12d0594f0, 0x000001e12d058b50, 0x000001e12c1d24c0, 0x000001e12c1d5e80,
0x000001e12c1d2990, 0x000001e12c1d6820, 0x000001e12c1d9840, 0x000001e12c1d6cf0
}

Java Threads: ( => current thread )
  0x000001e10f1ea500 JavaThread "main" [_thread_blocked, id=14324, stack(0x0000000ba6e00000,0x0000000ba6f00000)]
  0x000001e10f2a8540 JavaThread "Reference Handler" daemon [_thread_blocked, id=14032, stack(0x0000000ba7100000,0x0000000ba7200000)]
  0x000001e10f2a9b50 JavaThread "Finalizer" daemon [_thread_blocked, id=5400, stack(0x0000000ba7200000,0x0000000ba7300000)]
  0x000001e124fcdf50 JavaThread "Signal Dispatcher" daemon [_thread_blocked, id=2900, stack(0x0000000ba7300000,0x0000000ba7400000)]
  0x000001e124fcea10 JavaThread "Attach Listener" daemon [_thread_blocked, id=2816, stack(0x0000000ba7400000,0x0000000ba7500000)]
  0x000001e12a2710b0 JavaThread "Service Thread" daemon [_thread_blocked, id=12916, stack(0x0000000ba7500000,0x0000000ba7600000)]
  0x000001e12a272810 JavaThread "Monitor Deflation Thread" daemon [_thread_blocked, id=1328, stack(0x0000000ba7600000,0x0000000ba7700000)]
  0x000001e12a275ca0 JavaThread "C2 CompilerThread0" daemon [_thread_blocked, id=12604, stack(0x0000000ba7700000,0x0000000ba7800000)]
=>0x000001e12a27eed0 JavaThread "C1 CompilerThread0" daemon [_thread_in_vm, id=10584, stack(0x0000000ba7800000,0x0000000ba7900000)]
  0x000001e12a287fa0 JavaThread "Sweeper thread" daemon [_thread_blocked, id=13008, stack(0x0000000ba7900000,0x0000000ba7a00000)]
  0x000001e12a3affe0 JavaThread "Common-Cleaner" daemon [_thread_blocked, id=10960, stack(0x0000000ba7a00000,0x0000000ba7b00000)]
  0x000001e12a4d6310 JavaThread "Notification Thread" daemon [_thread_blocked, id=7632, stack(0x0000000ba7b00000,0x0000000ba7c00000)]
  0x000001e12b873ba0 JavaThread "Active Thread: Equinox Container: 34303f90-1544-442a-9e91-ed2330bf9ba5" [_thread_blocked, id=2028, stack(0x0000000ba8500000,0x0000000ba8600000)]
  0x000001e12bb96340 JavaThread "Framework Event Dispatcher: Equinox Container: 34303f90-1544-442a-9e91-ed2330bf9ba5" daemon [_thread_blocked, id=6152, stack(0x0000000ba7d00000,0x0000000ba7e00000)]
  0x000001e12bb96ea0 JavaThread "Start Level: Equinox Container: 34303f90-1544-442a-9e91-ed2330bf9ba5" daemon [_thread_blocked, id=3656, stack(0x0000000ba7e00000,0x0000000ba7f00000)]
  0x000001e12b9a1aa0 JavaThread "SCR Component Actor" daemon [_thread_blocked, id=4556, stack(0x0000000ba8600000,0x0000000ba8700000)]
  0x000001e12bd1d350 JavaThread "Worker-JM" [_thread_blocked, id=13800, stack(0x0000000ba8900000,0x0000000ba8a00000)]
  0x000001e12be98a50 JavaThread "Worker-0" [_thread_blocked, id=13688, stack(0x0000000ba8a00000,0x0000000ba8b00000)]
  0x000001e12be96d70 JavaThread "Worker-1" [_thread_blocked, id=13672, stack(0x0000000ba8b00000,0x0000000ba8c00000)]
  0x000001e12be963d0 JavaThread "Java indexing" daemon [_thread_blocked, id=6320, stack(0x0000000ba8e00000,0x0000000ba8f00000)]
  0x000001e12be97240 JavaThread "JNA Cleaner" daemon [_thread_blocked, id=7272, stack(0x0000000ba8f00000,0x0000000ba9000000)]
  0x000001e12be98580 JavaThread "Worker-2" [_thread_blocked, id=13456, stack(0x0000000ba8d00000,0x0000000ba8e00000)]
  0x000001e12be97710 JavaThread "pool-2-thread-1" [_thread_blocked, id=13792, stack(0x0000000ba9300000,0x0000000ba9400000)]
  0x000001e12be95560 JavaThread "WorkspaceEventsHandler" [_thread_blocked, id=14028, stack(0x0000000ba9400000,0x0000000ba9500000)]
  0x000001e12be97be0 JavaThread "pool-1-thread-1" [_thread_in_native, id=14240, stack(0x0000000ba9500000,0x0000000ba9600000)]
  0x000001e12d05b6a0 JavaThread "Worker-4: Building" [_thread_blocked, id=13104, stack(0x0000000ba9700000,0x0000000ba9800000)]
  0x000001e12d056e70 JavaThread "ForkJoinPool.commonPool-worker-1" daemon [_thread_blocked, id=2660, stack(0x0000000ba8800000,0x0000000ba8900000)]
  0x000001e12d05c510 JavaThread "ForkJoinPool.commonPool-worker-2" daemon [_thread_blocked, id=12888, stack(0x0000000ba8c00000,0x0000000ba8d00000)]
  0x000001e12d0569a0 JavaThread "Bundle File Closer" daemon [_thread_blocked, id=3440, stack(0x0000000ba9900000,0x0000000ba9a00000)]
  0x000001e12d05a830 JavaThread "ForkJoinPool.commonPool-worker-3" daemon [_thread_blocked, id=3704, stack(0x0000000ba9b00000,0x0000000ba9c00000)]
  0x000001e12d057340 JavaThread "ForkJoinPool.commonPool-worker-4" daemon [_thread_blocked, id=8352, stack(0x0000000ba9c00000,0x0000000ba9d00000)]
  0x000001e12d0599c0 JavaThread "ForkJoinPool.commonPool-worker-5" daemon [_thread_blocked, id=5068, stack(0x0000000ba9d00000,0x0000000ba9e00000)]
  0x000001e12d0594f0 JavaThread "ForkJoinPool.commonPool-worker-6" daemon [_thread_blocked, id=2896, stack(0x0000000ba9e00000,0x0000000ba9f00000)]
  0x000001e12d058b50 JavaThread "ForkJoinPool.commonPool-worker-7" daemon [_thread_blocked, id=13716, stack(0x0000000ba9f00000,0x0000000baa000000)]
  0x000001e12c1d24c0 JavaThread "Java Debug Server" daemon [_thread_in_native, id=5252, stack(0x0000000ba9a00000,0x0000000ba9b00000)]
  0x000001e12c1d5e80 JavaThread "RxSchedulerPurge-1" daemon [_thread_blocked, id=13680, stack(0x0000000baa100000,0x0000000baa200000)]
  0x000001e12c1d2990 JavaThread "RxCachedWorkerPoolEvictor-1" daemon [_thread_blocked, id=13676, stack(0x0000000baa200000,0x0000000baa300000)]
  0x000001e12c1d6820 JavaThread "process reaper" daemon [_thread_blocked, id=13432, stack(0x0000000ba6730000,0x0000000ba6750000)]
  0x000001e12c1d9840 JavaThread "Worker-6" [_thread_blocked, id=10904, stack(0x0000000ba6b00000,0x0000000ba6c00000)]
  0x000001e12c1d6cf0 JavaThread "Worker-7" [_thread_blocked, id=1300, stack(0x0000000ba6c00000,0x0000000ba6d00000)]

Other Threads:
  0x000001e124fbf890 VMThread "VM Thread" [stack: 0x0000000ba7000000,0x0000000ba7100000] [id=2404]
  0x000001e12a4d67e0 WatcherThread [stack: 0x0000000ba7c00000,0x0000000ba7d00000] [id=11900]
  0x000001e10f200cf0 GCTaskThread "GC Thread#0" [stack: 0x0000000ba6f00000,0x0000000ba7000000] [id=14264]
  0x000001e12ba36bc0 GCTaskThread "GC Thread#1" [stack: 0x0000000ba7f00000,0x0000000ba8000000] [id=7980]
  0x000001e12ba36e70 GCTaskThread "GC Thread#2" [stack: 0x0000000ba8000000,0x0000000ba8100000] [id=12052]
  0x000001e12b825c60 GCTaskThread "GC Thread#3" [stack: 0x0000000ba8100000,0x0000000ba8200000] [id=9440]
  0x000001e12b79b0e0 GCTaskThread "GC Thread#4" [stack: 0x0000000ba8200000,0x0000000ba8300000] [id=12688]
  0x000001e12b77fbb0 GCTaskThread "GC Thread#5" [stack: 0x0000000ba8300000,0x0000000ba8400000] [id=6500]
  0x000001e12b79b390 GCTaskThread "GC Thread#6" [stack: 0x0000000ba8400000,0x0000000ba8500000] [id=5216]
  0x000001e10f0bd9e0 GCTaskThread "GC Thread#7" [stack: 0x0000000ba8700000,0x0000000ba8800000] [id=2540]

Threads with active compile tasks:
C1 CompilerThread0    86072 11740       3       org.eclipse.jdt.internal.compiler.ast.TypeReference::baseTypeReference (397 bytes)

VM state: not at safepoint (normal execution)

VM Mutex/Monitor currently owned by a thread:  ([mutex/lock_event])
[0x000001e10efd00d0] CodeCache_lock - owner thread: 0x000001e12a27eed0
[0x000001e10f1e78b0] Compile_lock - owner thread: 0x000001e12a27eed0
[0x000001e10f1e6080] MethodCompileQueue_lock - owner thread: 0x000001e12a27eed0

Heap address: 0x00000000c0000000, size: 1024 MB, Compressed Oops mode: 32-bit

CDS archive(s) not mapped
Compressed class space mapped at: 0x0000000100000000-0x0000000140000000, reserved size: 1073741824
Narrow klass base: 0x0000000000000000, Narrow klass shift: 3, Narrow klass range: 0x140000000

GC Precious Log:
 CPUs: 8 total, 8 available
 Memory: 16107M
 Large Page Support: Disabled
 NUMA Support: Disabled
 Compressed Oops: Enabled (32-bit)
 Alignments: Space 512K, Generation 512K, Heap 2M
 Heap Min Capacity: 100M
 Heap Initial Capacity: 100M
 Heap Max Capacity: 1G
 Pre-touch: Disabled
 Parallel Workers: 8

Heap:
 PSYoungGen      total 17408K, used 15655K [0x00000000eab00000, 0x00000000ebf00000, 0x0000000100000000)
  eden space 15360K, 90% used [0x00000000eab00000,0x00000000eb894928,0x00000000eba00000)
  from space 2048K, 85% used [0x00000000ebd00000,0x00000000ebeb5670,0x00000000ebf00000)
  to   space 2048K, 0% used [0x00000000ebb00000,0x00000000ebb00000,0x00000000ebd00000)
 ParOldGen       total 158208K, used 145514K [0x00000000c0000000, 0x00000000c9a80000, 0x00000000eab00000)
  object space 158208K, 91% used [0x00000000c0000000,0x00000000c8e1aad8,0x00000000c9a80000)
 Metaspace       used 75821K, committed 77120K, reserved 1179648K
  class space    used 8130K, committed 8704K, reserved 1048576K

Card table byte_map: [0x000001e122860000,0x000001e122a70000] _byte_map_base: 0x000001e122260000

Marking Bits: (ParMarkBitMap*) 0x00007ffe95f252c0
 Begin Bits: [0x000001e122bd0000, 0x000001e123bd0000)
 End Bits:   [0x000001e123bd0000, 0x000001e124bd0000)

Polling page: 0x000001e10f2b0000

Metaspace:

Usage:
  Non-class:     66.10 MB used.
      Class:      7.94 MB used.
       Both:     74.04 MB used.

Virtual space:
  Non-class space:      128.00 MB reserved,      66.81 MB ( 52%) committed,  2 nodes.
      Class space:        1.00 GB reserved,       8.50 MB ( <1%) committed,  1 nodes.
             Both:        1.12 GB reserved,      75.31 MB (  7%) committed. 

Chunk freelists:
   Non-Class:  12.97 MB
       Class:  7.53 MB
        Both:  20.50 MB

MaxMetaspaceSize: unlimited
CompressedClassSpaceSize: 1.00 GB
Initial GC threshold: 21.00 MB
Current GC threshold: 111.06 MB
CDS: off
MetaspaceReclaimPolicy: balanced
 - commit_granule_bytes: 65536.
 - commit_granule_words: 8192.
 - virtual_space_node_default_size: 8388608.
 - enlarge_chunks_in_place: 1.
 - new_chunks_are_fully_committed: 0.
 - uncommit_free_chunks: 1.
 - use_allocation_guard: 0.
 - handle_deallocations: 1.


Internal statistics:

num_allocs_failed_limit: 9.
num_arena_births: 918.
num_arena_deaths: 20.
num_vsnodes_births: 3.
num_vsnodes_deaths: 0.
num_space_committed: 1205.
num_space_uncommitted: 0.
num_chunks_returned_to_freelist: 31.
num_chunks_taken_from_freelist: 4153.
num_chunk_merges: 13.
num_chunk_splits: 2544.
num_chunks_enlarged: 1413.
num_inconsistent_stats: 0.

CodeHeap 'non-profiled nmethods': size=120000Kb used=7073Kb max_used=7073Kb free=112926Kb
 bounds [0x000001e11b150000, 0x000001e11b840000, 0x000001e122680000]
CodeHeap 'profiled nmethods': size=120000Kb used=20497Kb max_used=20497Kb free=99502Kb
 bounds [0x000001e113680000, 0x000001e114a90000, 0x000001e11abb0000]
CodeHeap 'non-nmethods': size=5760Kb used=1401Kb max_used=1458Kb free=4358Kb
 bounds [0x000001e11abb0000, 0x000001e11ae20000, 0x000001e11b150000]
 total_blobs=10466 nmethods=9723 adapters=653
 compilation: enabled
              stopped_count=0, restarted_count=0
 full_count=0

Compilation events (20 events):
Event: 86.042 Thread 0x000001e12a27eed0 nmethod 11731 0x000001e114a80590 code [0x000001e114a807e0, 0x000001e114a81238]
Event: 86.042 Thread 0x000001e12a27eed0 11732       1       org.eclipse.core.internal.events.ResourceDelta::getFullPath (5 bytes)
Event: 86.042 Thread 0x000001e12a27eed0 nmethod 11732 0x000001e11b837890 code [0x000001e11b837a20, 0x000001e11b837af8]
Event: 86.045 Thread 0x000001e12a275ca0 11733       4       org.eclipse.jdt.core.compiler.CharOperation::subarray (47 bytes)
Event: 86.045 Thread 0x000001e12a27eed0 11735       3       org.eclipse.jdt.internal.core.builder.SourceFile::getMainTypeName (24 bytes)
Event: 86.045 Thread 0x000001e12a27eed0 nmethod 11735 0x000001e114a81490 code [0x000001e114a81680, 0x000001e114a819d8]
Event: 86.045 Thread 0x000001e12a27eed0 11734       3       org.eclipse.jdt.internal.compiler.parser.Parser::consumeEnterVariable (807 bytes)
Event: 86.046 Thread 0x000001e12a27eed0 nmethod 11734 0x000001e114a81b90 code [0x000001e114a81f20, 0x000001e114a83f88]
Event: 86.046 Thread 0x000001e12a27eed0 11738   !   3       lombok.eclipse.HandlerLibrary::callASTVisitors (148 bytes)
Event: 86.047 Thread 0x000001e12a275ca0 nmethod 11733 0x000001e11b837b90 code [0x000001e11b837d20, 0x000001e11b837f78]
Event: 86.047 Thread 0x000001e12a275ca0 11736       4       jdk.internal.reflect.DelegatingMethodAccessorImpl::invoke (10 bytes)
Event: 86.047 Thread 0x000001e12a275ca0 nmethod 11736 0x000001e11b838110 code [0x000001e11b838280, 0x000001e11b838318]
Event: 86.048 Thread 0x000001e12a275ca0 11742       4       java.lang.Math::min (12 bytes)
Event: 86.049 Thread 0x000001e12a275ca0 nmethod 11742 0x000001e11b838410 code [0x000001e11b838580, 0x000001e11b8385f8]
Event: 86.049 Thread 0x000001e12a27eed0 nmethod 11738 0x000001e114a84b10 code [0x000001e114a84e20, 0x000001e114a864f8]
Event: 86.050 Thread 0x000001e12a27eed0 11739       3       lombok.eclipse.handlers.EclipseHandlerUtil::filterField (6 bytes)
Event: 86.050 Thread 0x000001e12a27eed0 nmethod 11739 0x000001e114a86d10 code [0x000001e114a86ea0, 0x000001e114a86fc8]
Event: 86.050 Thread 0x000001e12a27eed0 11741       3       org.eclipse.jdt.internal.compiler.ast.ThisReference::<init> (15 bytes)
Event: 86.050 Thread 0x000001e12a27eed0 nmethod 11741 0x000001e114a87090 code [0x000001e114a87240, 0x000001e114a87538]
Event: 86.050 Thread 0x000001e12a27eed0 11740       3       org.eclipse.jdt.internal.compiler.ast.TypeReference::baseTypeReference (397 bytes)

GC Heap History (20 events):
Event: 18.234 GC heap before
{Heap before GC invocations=80 (full 5):
 PSYoungGen      total 19456K, used 19216K [0x00000000eab00000, 0x00000000ec800000, 0x0000000100000000)
  eden space 16896K, 99% used [0x00000000eab00000,0x00000000ebb7ffc0,0x00000000ebb80000)
  from space 2560K, 90% used [0x00000000ec580000,0x00000000ec7c43f0,0x00000000ec800000)
  to   space 5120K, 0% used [0x00000000ebe00000,0x00000000ebe00000,0x00000000ec300000)
 ParOldGen       total 158208K, used 137833K [0x00000000c0000000, 0x00000000c9a80000, 0x00000000eab00000)
  object space 158208K, 87% used [0x00000000c0000000,0x00000000c869a5b0,0x00000000c9a80000)
 Metaspace       used 70652K, committed 71872K, reserved 1114112K
  class space    used 7504K, committed 8000K, reserved 1048576K
}
Event: 18.235 GC heap after
{Heap after GC invocations=80 (full 5):
 PSYoungGen      total 23040K, used 2268K [0x00000000eab00000, 0x00000000ec600000, 0x0000000100000000)
  eden space 17920K, 0% used [0x00000000eab00000,0x00000000eab00000,0x00000000ebc80000)
  from space 5120K, 44% used [0x00000000ebe00000,0x00000000ec0371f0,0x00000000ec300000)
  to   space 3072K, 0% used [0x00000000ec300000,0x00000000ec300000,0x00000000ec600000)
 ParOldGen       total 158208K, used 137841K [0x00000000c0000000, 0x00000000c9a80000, 0x00000000eab00000)
  object space 158208K, 87% used [0x00000000c0000000,0x00000000c869c5b0,0x00000000c9a80000)
 Metaspace       used 70652K, committed 71872K, reserved 1114112K
  class space    used 7504K, committed 8000K, reserved 1048576K
}
Event: 19.845 GC heap before
{Heap before GC invocations=81 (full 5):
 PSYoungGen      total 23040K, used 20188K [0x00000000eab00000, 0x00000000ec600000, 0x0000000100000000)
  eden space 17920K, 100% used [0x00000000eab00000,0x00000000ebc80000,0x00000000ebc80000)
  from space 5120K, 44% used [0x00000000ebe00000,0x00000000ec0371f0,0x00000000ec300000)
  to   space 3072K, 0% used [0x00000000ec300000,0x00000000ec300000,0x00000000ec600000)
 ParOldGen       total 158208K, used 137841K [0x00000000c0000000, 0x00000000c9a80000, 0x00000000eab00000)
  object space 158208K, 87% used [0x00000000c0000000,0x00000000c869c5b0,0x00000000c9a80000)
 Metaspace       used 70862K, committed 72064K, reserved 1114112K
  class space    used 7530K, committed 8000K, reserved 1048576K
}
Event: 19.848 GC heap after
{Heap after GC invocations=81 (full 5):
 PSYoungGen      total 17408K, used 3053K [0x00000000eab00000, 0x00000000ed100000, 0x0000000100000000)
  eden space 14336K, 0% used [0x00000000eab00000,0x00000000eab00000,0x00000000eb900000)
  from space 3072K, 99% used [0x00000000ec300000,0x00000000ec5fb5e0,0x00000000ec600000)
  to   space 10240K, 0% used [0x00000000eb900000,0x00000000eb900000,0x00000000ec300000)
 ParOldGen       total 158208K, used 143577K [0x00000000c0000000, 0x00000000c9a80000, 0x00000000eab00000)
  object space 158208K, 90% used [0x00000000c0000000,0x00000000c8c365b0,0x00000000c9a80000)
 Metaspace       used 70862K, committed 72064K, reserved 1114112K
  class space    used 7530K, committed 8000K, reserved 1048576K
}
Event: 23.264 GC heap before
{Heap before GC invocations=82 (full 5):
 PSYoungGen      total 17408K, used 17389K [0x00000000eab00000, 0x00000000ed100000, 0x0000000100000000)
  eden space 14336K, 100% used [0x00000000eab00000,0x00000000eb900000,0x00000000eb900000)
  from space 3072K, 99% used [0x00000000ec300000,0x00000000ec5fb5e0,0x00000000ec600000)
  to   space 10240K, 0% used [0x00000000eb900000,0x00000000eb900000,0x00000000ec300000)
 ParOldGen       total 158208K, used 143577K [0x00000000c0000000, 0x00000000c9a80000, 0x00000000eab00000)
  object space 158208K, 90% used [0x00000000c0000000,0x00000000c8c365b0,0x00000000c9a80000)
 Metaspace       used 70933K, committed 72064K, reserved 1114112K
  class space    used 7533K, committed 8000K, reserved 1048576K
}
Event: 23.266 GC heap after
{Heap after GC invocations=82 (full 5):
 PSYoungGen      total 16384K, used 1852K [0x00000000eab00000, 0x00000000ec380000, 0x0000000100000000)
  eden space 14336K, 0% used [0x00000000eab00000,0x00000000eab00000,0x00000000eb900000)
  from space 2048K, 90% used [0x00000000eb900000,0x00000000ebacf1f0,0x00000000ebb00000)
  to   space 4608K, 0% used [0x00000000ebf00000,0x00000000ebf00000,0x00000000ec380000)
 ParOldGen       total 158208K, used 143777K [0x00000000c0000000, 0x00000000c9a80000, 0x00000000eab00000)
  object space 158208K, 90% used [0x00000000c0000000,0x00000000c8c685b0,0x00000000c9a80000)
 Metaspace       used 70933K, committed 72064K, reserved 1114112K
  class space    used 7533K, committed 8000K, reserved 1048576K
}
Event: 27.282 GC heap before
{Heap before GC invocations=83 (full 5):
 PSYoungGen      total 16384K, used 16158K [0x00000000eab00000, 0x00000000ec380000, 0x0000000100000000)
  eden space 14336K, 99% used [0x00000000eab00000,0x00000000eb8f86f0,0x00000000eb900000)
  from space 2048K, 90% used [0x00000000eb900000,0x00000000ebacf1f0,0x00000000ebb00000)
  to   space 4608K, 0% used [0x00000000ebf00000,0x00000000ebf00000,0x00000000ec380000)
 ParOldGen       total 158208K, used 143777K [0x00000000c0000000, 0x00000000c9a80000, 0x00000000eab00000)
  object space 158208K, 90% used [0x00000000c0000000,0x00000000c8c685b0,0x00000000c9a80000)
 Metaspace       used 71101K, committed 72320K, reserved 1114112K
  class space    used 7553K, committed 8000K, reserved 1048576K
}
Event: 27.283 GC heap after
{Heap after GC invocations=83 (full 5):
 PSYoungGen      total 16896K, used 1996K [0x00000000eab00000, 0x00000000ec100000, 0x0000000100000000)
  eden space 14848K, 0% used [0x00000000eab00000,0x00000000eab00000,0x00000000eb980000)
  from space 2048K, 97% used [0x00000000ebf00000,0x00000000ec0f3200,0x00000000ec100000)
  to   space 2560K, 0% used [0x00000000ebc00000,0x00000000ebc00000,0x00000000ebe80000)
 ParOldGen       total 158208K, used 143785K [0x00000000c0000000, 0x00000000c9a80000, 0x00000000eab00000)
  object space 158208K, 90% used [0x00000000c0000000,0x00000000c8c6a5b0,0x00000000c9a80000)
 Metaspace       used 71101K, committed 72320K, reserved 1114112K
  class space    used 7553K, committed 8000K, reserved 1048576K
}
Event: 27.487 GC heap before
{Heap before GC invocations=84 (full 5):
 PSYoungGen      total 16896K, used 16844K [0x00000000eab00000, 0x00000000ec100000, 0x0000000100000000)
  eden space 14848K, 100% used [0x00000000eab00000,0x00000000eb980000,0x00000000eb980000)
  from space 2048K, 97% used [0x00000000ebf00000,0x00000000ec0f3200,0x00000000ec100000)
  to   space 2560K, 0% used [0x00000000ebc00000,0x00000000ebc00000,0x00000000ebe80000)
 ParOldGen       total 158208K, used 143785K [0x00000000c0000000, 0x00000000c9a80000, 0x00000000eab00000)
  object space 158208K, 90% used [0x00000000c0000000,0x00000000c8c6a5b0,0x00000000c9a80000)
 Metaspace       used 72868K, committed 74112K, reserved 1179648K
  class space    used 7773K, committed 8320K, reserved 1048576K
}
Event: 27.488 GC heap after
{Heap after GC invocations=84 (full 5):
 PSYoungGen      total 17920K, used 2189K [0x00000000eab00000, 0x00000000ebf80000, 0x0000000100000000)
  eden space 15360K, 0% used [0x00000000eab00000,0x00000000eab00000,0x00000000eba00000)
  from space 2560K, 85% used [0x00000000ebc00000,0x00000000ebe23670,0x00000000ebe80000)
  to   space 1024K, 0% used [0x00000000ebe80000,0x00000000ebe80000,0x00000000ebf80000)
 ParOldGen       total 158208K, used 143785K [0x00000000c0000000, 0x00000000c9a80000, 0x00000000eab00000)
  object space 158208K, 90% used [0x00000000c0000000,0x00000000c8c6a5b0,0x00000000c9a80000)
 Metaspace       used 72868K, committed 74112K, reserved 1179648K
  class space    used 7773K, committed 8320K, reserved 1048576K
}
Event: 67.984 GC heap before
{Heap before GC invocations=85 (full 5):
 PSYoungGen      total 17920K, used 17549K [0x00000000eab00000, 0x00000000ebf80000, 0x0000000100000000)
  eden space 15360K, 99% used [0x00000000eab00000,0x00000000eb9ffff0,0x00000000eba00000)
  from space 2560K, 85% used [0x00000000ebc00000,0x00000000ebe23670,0x00000000ebe80000)
  to   space 1024K, 0% used [0x00000000ebe80000,0x00000000ebe80000,0x00000000ebf80000)
 ParOldGen       total 158208K, used 143785K [0x00000000c0000000, 0x00000000c9a80000, 0x00000000eab00000)
  object space 158208K, 90% used [0x00000000c0000000,0x00000000c8c6a5b0,0x00000000c9a80000)
 Metaspace       used 74092K, committed 75328K, reserved 1179648K
  class space    used 7976K, committed 8512K, reserved 1048576K
}
Event: 67.985 GC heap after
{Heap after GC invocations=85 (full 5):
 PSYoungGen      total 16384K, used 1023K [0x00000000eab00000, 0x00000000ebf80000, 0x0000000100000000)
  eden space 15360K, 0% used [0x00000000eab00000,0x00000000eab00000,0x00000000eba00000)
  from space 1024K, 99% used [0x00000000ebe80000,0x00000000ebf7fd58,0x00000000ebf80000)
  to   space 2560K, 0% used [0x00000000eba80000,0x00000000eba80000,0x00000000ebd00000)
 ParOldGen       total 158208K, used 145052K [0x00000000c0000000, 0x00000000c9a80000, 0x00000000eab00000)
  object space 158208K, 91% used [0x00000000c0000000,0x00000000c8da71e0,0x00000000c9a80000)
 Metaspace       used 74092K, committed 75328K, reserved 1179648K
  class space    used 7976K, committed 8512K, reserved 1048576K
}
Event: 68.881 GC heap before
{Heap before GC invocations=86 (full 5):
 PSYoungGen      total 16384K, used 16383K [0x00000000eab00000, 0x00000000ebf80000, 0x0000000100000000)
  eden space 15360K, 100% used [0x00000000eab00000,0x00000000eba00000,0x00000000eba00000)
  from space 1024K, 99% used [0x00000000ebe80000,0x00000000ebf7fd58,0x00000000ebf80000)
  to   space 2560K, 0% used [0x00000000eba80000,0x00000000eba80000,0x00000000ebd00000)
 ParOldGen       total 158208K, used 145052K [0x00000000c0000000, 0x00000000c9a80000, 0x00000000eab00000)
  object space 158208K, 91% used [0x00000000c0000000,0x00000000c8da71e0,0x00000000c9a80000)
 Metaspace       used 74209K, committed 75456K, reserved 1179648K
  class space    used 7979K, committed 8512K, reserved 1048576K
}
Event: 68.883 GC heap after
{Heap after GC invocations=86 (full 5):
 PSYoungGen      total 17920K, used 2095K [0x00000000eab00000, 0x00000000ebf00000, 0x0000000100000000)
  eden space 15360K, 0% used [0x00000000eab00000,0x00000000eab00000,0x00000000eba00000)
  from space 2560K, 81% used [0x00000000eba80000,0x00000000ebc8bf70,0x00000000ebd00000)
  to   space 2048K, 0% used [0x00000000ebd00000,0x00000000ebd00000,0x00000000ebf00000)
 ParOldGen       total 158208K, used 145498K [0x00000000c0000000, 0x00000000c9a80000, 0x00000000eab00000)
  object space 158208K, 91% used [0x00000000c0000000,0x00000000c8e16ad8,0x00000000c9a80000)
 Metaspace       used 74209K, committed 75456K, reserved 1179648K
  class space    used 7979K, committed 8512K, reserved 1048576K
}
Event: 71.376 GC heap before
{Heap before GC invocations=87 (full 5):
 PSYoungGen      total 17920K, used 17455K [0x00000000eab00000, 0x00000000ebf00000, 0x0000000100000000)
  eden space 15360K, 100% used [0x00000000eab00000,0x00000000eba00000,0x00000000eba00000)
  from space 2560K, 81% used [0x00000000eba80000,0x00000000ebc8bf70,0x00000000ebd00000)
  to   space 2048K, 0% used [0x00000000ebd00000,0x00000000ebd00000,0x00000000ebf00000)
 ParOldGen       total 158208K, used 145498K [0x00000000c0000000, 0x00000000c9a80000, 0x00000000eab00000)
  object space 158208K, 91% used [0x00000000c0000000,0x00000000c8e16ad8,0x00000000c9a80000)
 Metaspace       used 74510K, committed 75712K, reserved 1179648K
  class space    used 7985K, committed 8512K, reserved 1048576K
}
Event: 71.377 GC heap after
{Heap after GC invocations=87 (full 5):
 PSYoungGen      total 17408K, used 1675K [0x00000000eab00000, 0x00000000ebf00000, 0x0000000100000000)
  eden space 15360K, 0% used [0x00000000eab00000,0x00000000eab00000,0x00000000eba00000)
  from space 2048K, 81% used [0x00000000ebd00000,0x00000000ebea2d60,0x00000000ebf00000)
  to   space 2048K, 0% used [0x00000000ebb00000,0x00000000ebb00000,0x00000000ebd00000)
 ParOldGen       total 158208K, used 145506K [0x00000000c0000000, 0x00000000c9a80000, 0x00000000eab00000)
  object space 158208K, 91% used [0x00000000c0000000,0x00000000c8e18ad8,0x00000000c9a80000)
 Metaspace       used 74510K, committed 75712K, reserved 1179648K
  class space    used 7985K, committed 8512K, reserved 1048576K
}
Event: 81.868 GC heap before
{Heap before GC invocations=88 (full 5):
 PSYoungGen      total 17408K, used 17035K [0x00000000eab00000, 0x00000000ebf00000, 0x0000000100000000)
  eden space 15360K, 100% used [0x00000000eab00000,0x00000000eba00000,0x00000000eba00000)
  from space 2048K, 81% used [0x00000000ebd00000,0x00000000ebea2d60,0x00000000ebf00000)
  to   space 2048K, 0% used [0x00000000ebb00000,0x00000000ebb00000,0x00000000ebd00000)
 ParOldGen       total 158208K, used 145506K [0x00000000c0000000, 0x00000000c9a80000, 0x00000000eab00000)
  object space 158208K, 91% used [0x00000000c0000000,0x00000000c8e18ad8,0x00000000c9a80000)
 Metaspace       used 75162K, committed 76416K, reserved 1179648K
  class space    used 8058K, committed 8576K, reserved 1048576K
}
Event: 81.869 GC heap after
{Heap after GC invocations=88 (full 5):
 PSYoungGen      total 17408K, used 1989K [0x00000000eab00000, 0x00000000ebf00000, 0x0000000100000000)
  eden space 15360K, 0% used [0x00000000eab00000,0x00000000eab00000,0x00000000eba00000)
  from space 2048K, 97% used [0x00000000ebb00000,0x00000000ebcf16d8,0x00000000ebd00000)
  to   space 2048K, 0% used [0x00000000ebd00000,0x00000000ebd00000,0x00000000ebf00000)
 ParOldGen       total 158208K, used 145514K [0x00000000c0000000, 0x00000000c9a80000, 0x00000000eab00000)
  object space 158208K, 91% used [0x00000000c0000000,0x00000000c8e1aad8,0x00000000c9a80000)
 Metaspace       used 75162K, committed 76416K, reserved 1179648K
  class space    used 8058K, committed 8576K, reserved 1048576K
}
Event: 85.403 GC heap before
{Heap before GC invocations=89 (full 5):
 PSYoungGen      total 17408K, used 17349K [0x00000000eab00000, 0x00000000ebf00000, 0x0000000100000000)
  eden space 15360K, 100% used [0x00000000eab00000,0x00000000eba00000,0x00000000eba00000)
  from space 2048K, 97% used [0x00000000ebb00000,0x00000000ebcf16d8,0x00000000ebd00000)
  to   space 2048K, 0% used [0x00000000ebd00000,0x00000000ebd00000,0x00000000ebf00000)
 ParOldGen       total 158208K, used 145514K [0x00000000c0000000, 0x00000000c9a80000, 0x00000000eab00000)
  object space 158208K, 91% used [0x00000000c0000000,0x00000000c8e1aad8,0x00000000c9a80000)
 Metaspace       used 75428K, committed 76672K, reserved 1179648K
  class space    used 8092K, committed 8640K, reserved 1048576K
}
Event: 85.405 GC heap after
{Heap after GC invocations=89 (full 5):
 PSYoungGen      total 17408K, used 1749K [0x00000000eab00000, 0x00000000ebf00000, 0x0000000100000000)
  eden space 15360K, 0% used [0x00000000eab00000,0x00000000eab00000,0x00000000eba00000)
  from space 2048K, 85% used [0x00000000ebd00000,0x00000000ebeb5670,0x00000000ebf00000)
  to   space 2048K, 0% used [0x00000000ebb00000,0x00000000ebb00000,0x00000000ebd00000)
 ParOldGen       total 158208K, used 145514K [0x00000000c0000000, 0x00000000c9a80000, 0x00000000eab00000)
  object space 158208K, 91% used [0x00000000c0000000,0x00000000c8e1aad8,0x00000000c9a80000)
 Metaspace       used 75428K, committed 76672K, reserved 1179648K
  class space    used 8092K, committed 8640K, reserved 1048576K
}

Dll operation events (10 events):
Event: 0.007 Loaded shared library c:\Users\mateu\.vscode\extensions\redhat.java-1.21.0-win32-x64\jre\17.0.7-win32-x86_64\bin\java.dll
Event: 0.170 Loaded shared library c:\Users\mateu\.vscode\extensions\redhat.java-1.21.0-win32-x64\jre\17.0.7-win32-x86_64\bin\zip.dll
Event: 0.173 Loaded shared library C:\Users\mateu\.vscode\extensions\redhat.java-1.21.0-win32-x64\jre\17.0.7-win32-x86_64\bin\instrument.dll
Event: 0.210 Loaded shared library C:\Users\mateu\.vscode\extensions\redhat.java-1.21.0-win32-x64\jre\17.0.7-win32-x86_64\bin\net.dll
Event: 0.218 Loaded shared library C:\Users\mateu\.vscode\extensions\redhat.java-1.21.0-win32-x64\jre\17.0.7-win32-x86_64\bin\nio.dll
Event: 0.246 Loaded shared library C:\Users\mateu\.vscode\extensions\redhat.java-1.21.0-win32-x64\jre\17.0.7-win32-x86_64\bin\zip.dll
Event: 0.263 Loaded shared library C:\Users\mateu\.vscode\extensions\redhat.java-1.21.0-win32-x64\jre\17.0.7-win32-x86_64\bin\jimage.dll
Event: 0.329 Loaded shared library c:\Users\mateu\.vscode\extensions\redhat.java-1.21.0-win32-x64\jre\17.0.7-win32-x86_64\bin\verify.dll
Event: 3.851 Loaded shared library C:\Users\mateu\AppData\Roaming\Code\User\globalStorage\redhat.java\1.21.0\config_win\org.eclipse.equinox.launcher\org.eclipse.equinox.launcher.win32.win32.x86_64_1.2.700.v20221108-1024\eclipse_11801.dll
Event: 7.658 Loaded shared library C:\Users\mateu\AppData\Local\Temp\jna-103668240\jna4566162083945775187.dll

Deoptimization events (20 events):
Event: 85.924 Thread 0x000001e12be97be0 Uncommon trap: trap_request=0xffffffc6 fr.pc=0x000001e11b29f580 relative=0x00000000000001e0
Event: 85.924 Thread 0x000001e12be97be0 Uncommon trap: reason=bimorphic_or_optimized_type_check action=maybe_recompile pc=0x000001e11b29f580 method=java.util.Collections.eq(Ljava/lang/Object;Ljava/lang/Object;)Z @ 18 c2
Event: 85.924 Thread 0x000001e12be97be0 DEOPT PACKING pc=0x000001e11b29f580 sp=0x0000000ba95fd510
Event: 85.924 Thread 0x000001e12be97be0 DEOPT UNPACKING pc=0x000001e11ac09ea3 sp=0x0000000ba95fd450 mode 2
Event: 85.933 Thread 0x000001e12be97be0 Uncommon trap: trap_request=0xffffffd6 fr.pc=0x000001e11b833118 relative=0x00000000000001f8
Event: 85.933 Thread 0x000001e12be97be0 Uncommon trap: reason=array_check action=maybe_recompile pc=0x000001e11b833118 method=java.util.HashMap.keysToArray([Ljava/lang/Object;)[Ljava/lang/Object; @ 62 c2
Event: 85.933 Thread 0x000001e12be97be0 DEOPT PACKING pc=0x000001e11b833118 sp=0x0000000ba95fd5b0
Event: 85.933 Thread 0x000001e12be97be0 DEOPT UNPACKING pc=0x000001e11ac09ea3 sp=0x0000000ba95fd518 mode 2
Event: 85.938 Thread 0x000001e12be97be0 Uncommon trap: trap_request=0xffffffd6 fr.pc=0x000001e11b833118 relative=0x00000000000001f8
Event: 85.938 Thread 0x000001e12be97be0 Uncommon trap: reason=array_check action=maybe_recompile pc=0x000001e11b833118 method=java.util.HashMap.keysToArray([Ljava/lang/Object;)[Ljava/lang/Object; @ 62 c2
Event: 85.938 Thread 0x000001e12be97be0 DEOPT PACKING pc=0x000001e11b833118 sp=0x0000000ba95fd310
Event: 85.938 Thread 0x000001e12be97be0 DEOPT UNPACKING pc=0x000001e11ac09ea3 sp=0x0000000ba95fd278 mode 2
Event: 85.939 Thread 0x000001e12be97be0 Uncommon trap: trap_request=0xffffffd6 fr.pc=0x000001e11b833118 relative=0x00000000000001f8
Event: 85.939 Thread 0x000001e12be97be0 Uncommon trap: reason=array_check action=maybe_recompile pc=0x000001e11b833118 method=java.util.HashMap.keysToArray([Ljava/lang/Object;)[Ljava/lang/Object; @ 62 c2
Event: 85.939 Thread 0x000001e12be97be0 DEOPT PACKING pc=0x000001e11b833118 sp=0x0000000ba95fd3a0
Event: 85.939 Thread 0x000001e12be97be0 DEOPT UNPACKING pc=0x000001e11ac09ea3 sp=0x0000000ba95fd308 mode 2
Event: 85.940 Thread 0x000001e12be97be0 Uncommon trap: trap_request=0xffffffd6 fr.pc=0x000001e11b833118 relative=0x00000000000001f8
Event: 85.940 Thread 0x000001e12be97be0 Uncommon trap: reason=array_check action=maybe_recompile pc=0x000001e11b833118 method=java.util.HashMap.keysToArray([Ljava/lang/Object;)[Ljava/lang/Object; @ 62 c2
Event: 85.940 Thread 0x000001e12be97be0 DEOPT PACKING pc=0x000001e11b833118 sp=0x0000000ba95fd240
Event: 85.940 Thread 0x000001e12be97be0 DEOPT UNPACKING pc=0x000001e11ac09ea3 sp=0x0000000ba95fd1a8 mode 2

Classes unloaded (10 events):
Event: 4.383 Thread 0x000001e124fbf890 Unloading class 0x0000000100210000 'java/lang/invoke/LambdaForm$MH+0x0000000100210000'
Event: 4.383 Thread 0x000001e124fbf890 Unloading class 0x000000010020fc00 'java/lang/invoke/LambdaForm$MH+0x000000010020fc00'
Event: 4.383 Thread 0x000001e124fbf890 Unloading class 0x000000010020f800 'java/lang/invoke/LambdaForm$MH+0x000000010020f800'
Event: 4.383 Thread 0x000001e124fbf890 Unloading class 0x000000010020f400 'java/lang/invoke/LambdaForm$MH+0x000000010020f400'
Event: 4.383 Thread 0x000001e124fbf890 Unloading class 0x000000010020f000 'java/lang/invoke/LambdaForm$BMH+0x000000010020f000'
Event: 4.383 Thread 0x000001e124fbf890 Unloading class 0x000000010020ec00 'java/lang/invoke/LambdaForm$DMH+0x000000010020ec00'
Event: 4.383 Thread 0x000001e124fbf890 Unloading class 0x000000010020c000 'java/lang/invoke/LambdaForm$DMH+0x000000010020c000'
Event: 15.173 Thread 0x000001e124fbf890 Unloading class 0x0000000100748400 'java/lang/invoke/LambdaForm$DMH+0x0000000100748400'
Event: 15.173 Thread 0x000001e124fbf890 Unloading class 0x0000000100724400 'java/lang/invoke/LambdaForm$DMH+0x0000000100724400'
Event: 15.173 Thread 0x000001e124fbf890 Unloading class 0x000000010071c800 'java/lang/invoke/LambdaForm$DMH+0x000000010071c800'

Classes redefined (0 events):
No events

Internal exceptions (20 events):
Event: 17.345 Thread 0x000001e12d05c510 Exception <a 'java/lang/NoSuchMethodError'{0x00000000eb898cb8}: 'java.lang.Object java.lang.invoke.DelegatingMethodHandle$Holder.delegate(java.lang.Object, int, java.lang.Object, java.lang.Object)'> (0x00000000eb898cb8) 
thrown [s\src\hotspot\share\interpreter\linkResolver.cpp, line 759]
Event: 17.347 Thread 0x000001e12d05c510 Exception <a 'java/lang/NoSuchMethodError'{0x00000000eb8ae3d0}: 'int java.lang.invoke.Invokers$Holder.linkToTargetMethod(java.lang.Object, java.lang.Object, java.lang.Object)'> (0x00000000eb8ae3d0) 
thrown [s\src\hotspot\share\interpreter\linkResolver.cpp, line 759]
Event: 17.371 Thread 0x000001e12d05c510 Exception <a 'java/lang/NoSuchMethodError'{0x00000000eac60708}: 'java.lang.Object java.lang.invoke.DirectMethodHandle$Holder.invokeStatic(java.lang.Object, java.lang.Object, int, java.lang.Object, java.lang.Object)'> (0x00000000eac60708) 
thrown [s\src\hotspot\share\interpreter\linkResolver.cpp, line 759]
Event: 17.378 Thread 0x000001e12d05c510 Exception <a 'java/lang/NoSuchMethodError'{0x00000000eacd02f0}: 'void java.lang.invoke.DirectMethodHandle$Holder.invokeStatic(java.lang.Object, int)'> (0x00000000eacd02f0) 
thrown [s\src\hotspot\share\interpreter\linkResolver.cpp, line 759]
Event: 17.611 Thread 0x000001e12d05c510 Exception <a 'java/io/FileNotFoundException'{0x00000000eb269d98}> (0x00000000eb269d98) 
thrown [s\src\hotspot\share\prims\jni.cpp, line 516]
Event: 17.611 Thread 0x000001e12d05c510 Exception <a 'java/io/FileNotFoundException'{0x00000000eb26b0d0}> (0x00000000eb26b0d0) 
thrown [s\src\hotspot\share\prims\jni.cpp, line 516]
Event: 17.660 Thread 0x000001e12d0564d0 Exception <a 'java/io/FileNotFoundException'{0x00000000eb265cb0}> (0x00000000eb265cb0) 
thrown [s\src\hotspot\share\prims\jni.cpp, line 516]
Event: 17.683 Thread 0x000001e12d0564d0 Exception <a 'java/lang/NoSuchMethodError'{0x00000000eb345f58}: 'void java.lang.invoke.DirectMethodHandle$Holder.invokeSpecial(java.lang.Object, java.lang.Object, java.lang.Object, java.lang.Object, java.lang.Object)'> (0x00000000eb345f58) 
thrown [s\src\hotspot\share\interpreter\linkResolver.cpp, line 759]
Event: 23.244 Thread 0x000001e12be97be0 Exception <a 'java/lang/reflect/InvocationTargetException'{0x00000000eb8dd128}> (0x00000000eb8dd128) 
thrown [s\src\hotspot\share\runtime\reflection.cpp, line 1121]
Event: 26.756 Thread 0x000001e12be97be0 Exception <a 'java/lang/reflect/InvocationTargetException'{0x00000000ead34370}> (0x00000000ead34370) 
thrown [s\src\hotspot\share\runtime\reflection.cpp, line 1121]
Event: 27.397 Thread 0x000001e12c1d6350 Exception <a 'java/io/FileNotFoundException'{0x00000000eb182e70}> (0x00000000eb182e70) 
thrown [s\src\hotspot\share\prims\jni.cpp, line 516]
Event: 27.529 Thread 0x000001e12c1d6350 Exception <a 'java/lang/NoSuchMethodError'{0x00000000eaf243f0}: 'java.lang.Object java.lang.invoke.DirectMethodHandle$Holder.invokeVirtual(java.lang.Object, java.lang.Object, java.lang.Object, java.lang.Object)'> (0x00000000eaf243f0) 
thrown [s\src\hotspot\share\interpreter\linkResolver.cpp, line 759]
Event: 27.563 Thread 0x000001e12c1d4670 Exception <a 'java/lang/NoSuchMethodError'{0x00000000eb29a580}: 'java.lang.Object java.lang.invoke.DirectMethodHandle$Holder.invokeStatic(java.lang.Object, long, java.lang.Object, java.lang.Object)'> (0x00000000eb29a580) 
thrown [s\src\hotspot\share\interpreter\linkResolver.cpp, line 759]
Event: 27.564 Thread 0x000001e12c1d4670 Exception <a 'java/lang/NoSuchMethodError'{0x00000000eb2a1368}: 'java.lang.Object java.lang.invoke.DirectMethodHandle$Holder.newInvokeSpecial(java.lang.Object, long)'> (0x00000000eb2a1368) 
thrown [s\src\hotspot\share\interpreter\linkResolver.cpp, line 759]
Event: 27.577 Thread 0x000001e12c1d4670 Exception <a 'sun/nio/fs/WindowsException'{0x00000000eb3282e8}> (0x00000000eb3282e8) 
thrown [s\src\hotspot\share\prims\jni.cpp, line 516]
Event: 27.577 Thread 0x000001e12c1d4670 Exception <a 'sun/nio/fs/WindowsException'{0x00000000eb3285b8}> (0x00000000eb3285b8) 
thrown [s\src\hotspot\share\prims\jni.cpp, line 516]
Event: 27.578 Thread 0x000001e12c1d4670 Exception <a 'sun/nio/fs/WindowsException'{0x00000000eb329928}> (0x00000000eb329928) 
thrown [s\src\hotspot\share\prims\jni.cpp, line 516]
Event: 27.578 Thread 0x000001e12c1d4670 Exception <a 'sun/nio/fs/WindowsException'{0x00000000eb329bf8}> (0x00000000eb329bf8) 
thrown [s\src\hotspot\share\prims\jni.cpp, line 516]
Event: 68.273 Thread 0x000001e12d0594f0 Exception <a 'java/lang/ArrayIndexOutOfBoundsException'{0x00000000eb4b0e20}> (0x00000000eb4b0e20) 
thrown [s\src\hotspot\share\runtime\sharedRuntime.cpp, line 628]
Event: 81.579 Thread 0x000001e12d0594f0 Exception <a 'java/lang/NoSuchMethodError'{0x00000000eb5bd8b8}: 'java.lang.Object java.lang.invoke.DirectMethodHandle$Holder.invokeStatic(java.lang.Object, int, java.lang.Object)'> (0x00000000eb5bd8b8) 
thrown [s\src\hotspot\share\interpreter\linkResolver.cpp, line 759]

VM Operations (20 events):
Event: 81.858 Executing VM operation: HandshakeAllThreads
Event: 81.858 Executing VM operation: HandshakeAllThreads done
Event: 81.858 Executing VM operation: Cleanup
Event: 81.858 Executing VM operation: Cleanup done
Event: 81.858 Executing VM operation: HandshakeAllThreads
Event: 81.858 Executing VM operation: HandshakeAllThreads done
Event: 81.868 Executing VM operation: ParallelGCFailedAllocation
Event: 81.870 Executing VM operation: ParallelGCFailedAllocation done
Event: 82.880 Executing VM operation: Cleanup
Event: 82.880 Executing VM operation: Cleanup done
Event: 83.884 Executing VM operation: Cleanup
Event: 83.884 Executing VM operation: Cleanup done
Event: 84.898 Executing VM operation: Cleanup
Event: 84.898 Executing VM operation: Cleanup done
Event: 85.403 Executing VM operation: ParallelGCFailedAllocation
Event: 85.405 Executing VM operation: ParallelGCFailedAllocation done
Event: 85.915 Executing VM operation: HandshakeAllThreads
Event: 85.915 Executing VM operation: HandshakeAllThreads done
Event: 85.919 Executing VM operation: HandshakeAllThreads
Event: 85.919 Executing VM operation: HandshakeAllThreads done

Events (20 events):
Event: 84.602 Thread 0x000001e12d0564d0 Thread exited: 0x000001e12d0564d0
Event: 84.607 Thread 0x000001e12d821840 Thread added: 0x000001e12d821840
Event: 84.903 Thread 0x000001e12d821840 Thread exited: 0x000001e12d821840
Event: 84.982 Thread 0x000001e12be95f00 Thread exited: 0x000001e12be95f00
Event: 85.395 Thread 0x000001e12d8287a0 Thread added: 0x000001e12d8287a0
Event: 85.413 Thread 0x000001e12d821d50 Thread added: 0x000001e12d821d50
Event: 85.887 Thread 0x000001e12d821d50 Thread exited: 0x000001e12d821d50
Event: 85.887 Thread 0x000001e12d8287a0 Thread exited: 0x000001e12d8287a0
Event: 85.907 Thread 0x000001e12c1d9840 Thread added: 0x000001e12c1d9840
Event: 85.913 loading class org/xml/sax/SAXNotRecognizedException
Event: 85.913 loading class org/xml/sax/SAXNotRecognizedException done
Event: 85.913 loading class org/xml/sax/SAXNotSupportedException
Event: 85.913 loading class org/xml/sax/SAXNotSupportedException done
Event: 85.913 loading class com/sun/org/apache/xerces/internal/util/URI
Event: 85.914 loading class com/sun/org/apache/xerces/internal/util/URI done
Event: 85.914 loading class com/sun/org/apache/xerces/internal/xni/XNIException
Event: 85.914 loading class com/sun/org/apache/xerces/internal/xni/XNIException done
Event: 85.915 loading class com/sun/org/apache/xerces/internal/xni/parser/XMLParseException
Event: 85.916 loading class com/sun/org/apache/xerces/internal/xni/parser/XMLParseException done
Event: 85.938 Thread 0x000001e12c1d6cf0 Thread added: 0x000001e12c1d6cf0


Dynamic libraries:
0x00007ff73e410000 - 0x00007ff73e41e000 	c:\Users\mateu\.vscode\extensions\redhat.java-1.21.0-win32-x64\jre\17.0.7-win32-x86_64\bin\java.exe
0x00007fff14eb0000 - 0x00007fff150c4000 	C:\WINDOWS\SYSTEM32\ntdll.dll
0x00007fff136d0000 - 0x00007fff13794000 	C:\WINDOWS\System32\KERNEL32.DLL
0x00007fff12560000 - 0x00007fff12904000 	C:\WINDOWS\System32\KERNELBASE.dll
0x00007fff12260000 - 0x00007fff12371000 	C:\WINDOWS\System32\ucrtbase.dll
0x00007ffee7bd0000 - 0x00007ffee7be7000 	c:\Users\mateu\.vscode\extensions\redhat.java-1.21.0-win32-x64\jre\17.0.7-win32-x86_64\bin\jli.dll
0x00007fff13040000 - 0x00007fff131ee000 	C:\WINDOWS\System32\USER32.dll
0x00007fff12380000 - 0x00007fff123a6000 	C:\WINDOWS\System32\win32u.dll
0x00007fff13620000 - 0x00007fff13649000 	C:\WINDOWS\System32\GDI32.dll
0x00007ffee7bf0000 - 0x00007ffee7c09000 	c:\Users\mateu\.vscode\extensions\redhat.java-1.21.0-win32-x64\jre\17.0.7-win32-x86_64\bin\VCRUNTIME140.dll
0x00007fff12910000 - 0x00007fff12a28000 	C:\WINDOWS\System32\gdi32full.dll
0x00007fff12a30000 - 0x00007fff12aca000 	C:\WINDOWS\System32\msvcp_win.dll
0x00007ffef5530000 - 0x00007ffef57c3000 	C:\WINDOWS\WinSxS\amd64_microsoft.windows.common-controls_6595b64144ccf1df_6.0.22621.2215_none_270d72677387dfc3\COMCTL32.dll
0x00007fff14350000 - 0x00007fff143f7000 	C:\WINDOWS\System32\msvcrt.dll
0x00007fff12db0000 - 0x00007fff12de1000 	C:\WINDOWS\System32\IMM32.DLL
0x00007fff0a410000 - 0x00007fff0a41c000 	c:\Users\mateu\.vscode\extensions\redhat.java-1.21.0-win32-x64\jre\17.0.7-win32-x86_64\bin\vcruntime140_1.dll
0x00007ffedefa0000 - 0x00007ffedf031000 	c:\Users\mateu\.vscode\extensions\redhat.java-1.21.0-win32-x64\jre\17.0.7-win32-x86_64\bin\msvcp140.dll
0x00007ffe953a0000 - 0x00007ffe95fe8000 	c:\Users\mateu\.vscode\extensions\redhat.java-1.21.0-win32-x64\jre\17.0.7-win32-x86_64\bin\server\jvm.dll
0x00007fff13b40000 - 0x00007fff13bf0000 	C:\WINDOWS\System32\ADVAPI32.dll
0x00007fff14dc0000 - 0x00007fff14e66000 	C:\WINDOWS\System32\sechost.dll
0x00007fff131f0000 - 0x00007fff13307000 	C:\WINDOWS\System32\RPCRT4.dll
0x00007ffef6f90000 - 0x00007ffef6f99000 	C:\WINDOWS\SYSTEM32\WSOCK32.dll
0x00007fff13650000 - 0x00007fff136c1000 	C:\WINDOWS\System32\WS2_32.dll
0x00007fff060a0000 - 0x00007fff060aa000 	C:\WINDOWS\SYSTEM32\VERSION.dll
0x00007fff07e80000 - 0x00007fff07eb4000 	C:\WINDOWS\SYSTEM32\WINMM.dll
0x00007fff11310000 - 0x00007fff11328000 	C:\WINDOWS\SYSTEM32\kernel.appcore.dll
0x00007fff07160000 - 0x00007fff0716a000 	c:\Users\mateu\.vscode\extensions\redhat.java-1.21.0-win32-x64\jre\17.0.7-win32-x86_64\bin\jimage.dll
0x00007fff0fb40000 - 0x00007fff0fd6e000 	C:\WINDOWS\SYSTEM32\DBGHELP.DLL
0x00007fff137b0000 - 0x00007fff13b3a000 	C:\WINDOWS\System32\combase.dll
0x00007fff12df0000 - 0x00007fff12ec7000 	C:\WINDOWS\System32\OLEAUT32.dll
0x00007ffef91e0000 - 0x00007ffef9212000 	C:\WINDOWS\SYSTEM32\dbgcore.DLL
0x00007fff123b0000 - 0x00007fff1242a000 	C:\WINDOWS\System32\bcryptPrimitives.dll
0x00007ffeee0a0000 - 0x00007ffeee0ae000 	c:\Users\mateu\.vscode\extensions\redhat.java-1.21.0-win32-x64\jre\17.0.7-win32-x86_64\bin\instrument.dll
0x00007ffee02c0000 - 0x00007ffee02e5000 	c:\Users\mateu\.vscode\extensions\redhat.java-1.21.0-win32-x64\jre\17.0.7-win32-x86_64\bin\java.dll
0x00007ffee5d10000 - 0x00007ffee5d28000 	c:\Users\mateu\.vscode\extensions\redhat.java-1.21.0-win32-x64\jre\17.0.7-win32-x86_64\bin\zip.dll
0x00007fff14400000 - 0x00007fff14c23000 	C:\WINDOWS\System32\SHELL32.dll
0x00007fff101b0000 - 0x00007fff10a9a000 	C:\WINDOWS\SYSTEM32\windows.storage.dll
0x00007fff10070000 - 0x00007fff101ae000 	C:\WINDOWS\SYSTEM32\wintypes.dll
0x00007fff13310000 - 0x00007fff13403000 	C:\WINDOWS\System32\SHCORE.dll
0x00007fff13e60000 - 0x00007fff13ebe000 	C:\WINDOWS\System32\shlwapi.dll
0x00007fff12190000 - 0x00007fff121b6000 	C:\WINDOWS\SYSTEM32\profapi.dll
0x00007ffee0e60000 - 0x00007ffee0e79000 	C:\Users\mateu\.vscode\extensions\redhat.java-1.21.0-win32-x64\jre\17.0.7-win32-x86_64\bin\net.dll
0x00007fff0a1e0000 - 0x00007fff0a317000 	C:\WINDOWS\SYSTEM32\WINHTTP.dll
0x00007fff117d0000 - 0x00007fff11839000 	C:\WINDOWS\system32\mswsock.dll
0x00007ffee0130000 - 0x00007ffee0145000 	C:\Users\mateu\.vscode\extensions\redhat.java-1.21.0-win32-x64\jre\17.0.7-win32-x86_64\bin\nio.dll
0x00007ffee0120000 - 0x00007ffee0130000 	c:\Users\mateu\.vscode\extensions\redhat.java-1.21.0-win32-x64\jre\17.0.7-win32-x86_64\bin\verify.dll
0x00007ffedef60000 - 0x00007ffedef9e000 	C:\Users\mateu\AppData\Roaming\Code\User\globalStorage\redhat.java\1.21.0\config_win\org.eclipse.equinox.launcher\org.eclipse.equinox.launcher.win32.win32.x86_64_1.2.700.v20221108-1024\eclipse_11801.dll
0x00007fff13480000 - 0x00007fff1361e000 	C:\WINDOWS\System32\ole32.dll
0x00007fff11af0000 - 0x00007fff11b0b000 	C:\WINDOWS\SYSTEM32\CRYPTSP.dll
0x00007fff112d0000 - 0x00007fff11305000 	C:\WINDOWS\system32\rsaenh.dll
0x00007fff11870000 - 0x00007fff1189c000 	C:\WINDOWS\SYSTEM32\USERENV.dll
0x00007fff11c30000 - 0x00007fff11c58000 	C:\WINDOWS\SYSTEM32\bcrypt.dll
0x00007fff11ad0000 - 0x00007fff11adc000 	C:\WINDOWS\SYSTEM32\CRYPTBASE.dll
0x00007fff10db0000 - 0x00007fff10ddd000 	C:\WINDOWS\SYSTEM32\IPHLPAPI.DLL
0x00007fff13e50000 - 0x00007fff13e59000 	C:\WINDOWS\System32\NSI.dll
0x00007fff095d0000 - 0x00007fff095e9000 	C:\WINDOWS\SYSTEM32\dhcpcsvc6.DLL
0x00007fff082b0000 - 0x00007fff082cf000 	C:\WINDOWS\SYSTEM32\dhcpcsvc.DLL
0x00007fff10de0000 - 0x00007fff10ed2000 	C:\WINDOWS\SYSTEM32\DNSAPI.dll
0x00007ffedaa60000 - 0x00007ffedaaa5000 	C:\Users\mateu\AppData\Local\Temp\jna-103668240\jna4566162083945775187.dll
0x00007fff12ed0000 - 0x00007fff12ed8000 	C:\WINDOWS\System32\PSAPI.DLL

dbghelp: loaded successfully - version: 4.0.5 - missing functions: none
symbol engine: initialized successfully - sym options: 0x614 - pdb path: .;c:\Users\mateu\.vscode\extensions\redhat.java-1.21.0-win32-x64\jre\17.0.7-win32-x86_64\bin;C:\WINDOWS\SYSTEM32;C:\WINDOWS\WinSxS\amd64_microsoft.windows.common-controls_6595b64144ccf1df_6.0.22621.2215_none_270d72677387dfc3;c:\Users\mateu\.vscode\extensions\redhat.java-1.21.0-win32-x64\jre\17.0.7-win32-x86_64\bin\server;C:\Users\mateu\AppData\Roaming\Code\User\globalStorage\redhat.java\1.21.0\config_win\org.eclipse.equinox.launcher\org.eclipse.equinox.launcher.win32.win32.x86_64_1.2.700.v20221108-1024;C:\Users\mateu\AppData\Local\Temp\jna-103668240

VM Arguments:
jvm_args: --add-modules=ALL-SYSTEM --add-opens=java.base/java.util=ALL-UNNAMED --add-opens=java.base/java.lang=ALL-UNNAMED --add-opens=java.base/sun.nio.fs=ALL-UNNAMED -Declipse.application=org.eclipse.jdt.ls.core.id1 -Dosgi.bundles.defaultStartLevel=4 -Declipse.product=org.eclipse.jdt.ls.core.product -Djava.import.generatesMetadataFilesAtProjectRoot=false -Dfile.encoding=utf8 -XX:+UseParallelGC -XX:GCTimeRatio=4 -XX:AdaptiveSizePolicyWeight=90 -Dsun.zip.disableMemoryMapping=true -Xmx1G -Xms100m -Xlog:disable -javaagent:c:\Users\mateu\.vscode\extensions\redhat.java-1.21.0-win32-x64\lombok\lombok-1.18.28.jar -XX:+HeapDumpOnOutOfMemoryError -XX:HeapDumpPath=c:\Users\mateu\AppData\Roaming\Code\User\workspaceStorage\c6afc2c46a355f70a8b711cfde81772e\redhat.java -Daether.dependencyCollector.impl=bf 
java_command: c:\Users\mateu\.vscode\extensions\redhat.java-1.21.0-win32-x64\server\plugins\org.eclipse.equinox.launcher_1.6.500.v20230717-2134.jar -configuration c:\Users\mateu\AppData\Roaming\Code\User\globalStorage\redhat.java\1.21.0\config_win -data c:\Users\mateu\AppData\Roaming\Code\User\workspaceStorage\c6afc2c46a355f70a8b711cfde81772e\redhat.java\jdt_ws
java_class_path (initial): c:\Users\mateu\.vscode\extensions\redhat.java-1.21.0-win32-x64\server\plugins\org.eclipse.equinox.launcher_1.6.500.v20230717-2134.jar
Launcher Type: SUN_STANDARD

[Global flags]
    uintx AdaptiveSizePolicyWeight                 = 90                                        {product} {command line}
     intx CICompilerCount                          = 4                                         {product} {ergonomic}
    uintx GCTimeRatio                              = 4                                         {product} {command line}
     bool HeapDumpOnOutOfMemoryError               = true                                   {manageable} {command line}
    ccstr HeapDumpPath                             = c:\Users\mateu\AppData\Roaming\Code\User\workspaceStorage\c6afc2c46a355f70a8b711cfde81772e\redhat.java         {manageable} {command line}
   size_t InitialHeapSize                          = 104857600                                 {product} {command line}
   size_t MaxHeapSize                              = 1073741824                                {product} {command line}
   size_t MaxNewSize                               = 357564416                                 {product} {ergonomic}
   size_t MinHeapDeltaBytes                        = 524288                                    {product} {ergonomic}
   size_t MinHeapSize                              = 104857600                                 {product} {command line}
   size_t NewSize                                  = 34603008                                  {product} {ergonomic}
    uintx NonNMethodCodeHeapSize                   = 5839372                                {pd product} {ergonomic}
    uintx NonProfiledCodeHeapSize                  = 122909434                              {pd product} {ergonomic}
   size_t OldSize                                  = 70254592                                  {product} {ergonomic}
    uintx ProfiledCodeHeapSize                     = 122909434                              {pd product} {ergonomic}
    uintx ReservedCodeCacheSize                    = 251658240                              {pd product} {ergonomic}
     bool SegmentedCodeCache                       = true                                      {product} {ergonomic}
   size_t SoftMaxHeapSize                          = 1073741824                             {manageable} {ergonomic}
     bool UseCompressedClassPointers               = true                           {product lp64_product} {ergonomic}
     bool UseCompressedOops                        = true                           {product lp64_product} {ergonomic}
     bool UseLargePagesIndividualAllocation        = false                                  {pd product} {ergonomic}
     bool UseParallelGC                            = true                                      {product} {command line}

Logging:
Log output configuration:
 #0: stdout all=off uptime,level,tags
 #1: stderr all=off uptime,level,tags

Environment Variables:
JAVA_HOME=C:\Program Files\Java\jdk-17
PATH=C:\Program Files\Common Files\Oracle\Java\javapath;C:\WINDOWS\system32;C:\WINDOWS;C:\WINDOWS\System32\Wbem;C:\WINDOWS\System32\WindowsPowerShell\v1.0\;C:\WINDOWS\System32\OpenSSH\;C:\Program Files\Git\cmd;C:\Users\mateu\AppData\Local\Microsoft\WindowsApps;C:\Program Files\Java\jdk-17\bin;;C:\Users\mateu\AppData\Local\Programs\Microsoft VS Code\bin;C:\Program Files\JetBrains\IntelliJ IDEA Community Edition 2023.2\bin;;C:\Users\mateu\AppData\Local\Microsoft\WindowsApps
USERNAME=mateu
OS=Windows_NT
PROCESSOR_IDENTIFIER=Intel64 Family 6 Model 140 Stepping 1, GenuineIntel
TMP=C:\Users\mateu\AppData\Local\Temp
TEMP=C:\Users\mateu\AppData\Local\Temp



---------------  S Y S T E M  ---------------

OS:
 Windows 11 , 64 bit Build 22621 (10.0.22621.2215)
OS uptime: 0 days 0:13 hours
Hyper-V role detected

CPU: total 8 (initial active 8) (4 cores per cpu, 2 threads per core) family 6 model 140 stepping 1 microcode 0x8a, cx8, cmov, fxsr, ht, mmx, 3dnowpref, sse, sse2, sse3, ssse3, sse4.1, sse4.2, popcnt, lzcnt, tsc, tscinvbit, avx, avx2, aes, erms, clmul, bmi1, bmi2, adx, avx512f, avx512dq, avx512cd, avx512bw, avx512vl, sha, fma, vzeroupper, avx512_vpopcntdq, avx512_vpclmulqdq, avx512_vaes, avx512_vnni, clflush, clflushopt, clwb, avx512_vbmi2, avx512_vbmi, hv

Memory: 4k page, system-wide physical 16107M (7878M free)
TotalPageFile size 24299M (AvailPageFile size 15327M)
current process WorkingSet (physical memory assigned to process): 380M, peak: 387M
current process commit charge ("private bytes"): 428M, peak: 451M

vm_info: OpenJDK 64-Bit Server VM (17.0.7+7) for windows-amd64 JRE (17.0.7+7), built on Apr 18 2023 22:10:42 by "temurin" with MS VC++ 16.7 (VS2019)

END.
